<?xml version="1.0" encoding="UTF-8" ?>
<testsuites name="vitest tests" tests="111" failures="0" errors="0" time="2.00422564">
    <testsuite name="src/components/Countdown.test.tsx" timestamp="2026-08-30T10:06:18.431Z" hostname="devbox" tests="3" failures="0" errors="0" skipped="0" time="0.140160425">
        <testcase classname="src/components/Countdown.test.tsx" name="Countdown &gt; renders the countdown value" time="0.118192322">
        </testcase>
        <testcase classname="src/components/Countdown.test.tsx" name="Countdown &gt; renders JÁ! when value is 0" time="0.009944676">
        </testcase>
        <testcase classname="src/components/Countdown.test.tsx" name="Countdown &gt; renders JÁ! when value is negative" time="0.008181805">
        </testcase>
    </testsuite>
    <testsuite name="src/components/ErrorBoundary.test.tsx" timestamp="2026-08-30T10:06:18.434Z" hostname="devbox" tests="3" failures="0" errors="0" skipped="0" time="0.103853737">
        <testcase classname="src/components/ErrorBoundary.test.tsx" name="ErrorBoundary &gt; renders children when there is no error" time="0.041829334">
        </testcase>
        <testcase classname="src/components/ErrorBoundary.test.tsx" name="ErrorBoundary &gt; renders fallback UI when error occurs" time="0.050642359">
        </testcase>
        <testcase classname="src/components/ErrorBoundary.test.tsx" name="ErrorBoundary &gt; renders custom fallback when provided" time="0.006959991">
        </testcase>
    </testsuite>
    <testsuite name="src/components/Menu.test.tsx" timestamp="2026-08-30T10:06:18.435Z" hostname="devbox" tests="6" failures="0" errors="0" skipped="0" time="0.137656175">
        <testcase classname="src/components/Menu.test.tsx" name="Menu &gt; renders the start button" time="0.073333972">
        </testcase>
        <testcase classname="src/components/Menu.test.tsx" name="Menu &gt; renders difficulty select with NORMAL default" time="0.011046054">
        </testcase>
        <testcase classname="src/components/Menu.test.tsx" name="Menu &gt; renders time select with 60s default" time="0.00615127">
        </testcase>
        <testcase classname="src/components/Menu.test.tsx" name="Menu &gt; calls onStart with default values when start is clicked" time="0.017526168">
        </testcase>
        <testcase classname="src/components/Menu.test.tsx" name="Menu &gt; calls onStart with selected difficulty and time" time="0.015301553">
        </testcase>
        <testcase classname="src/components/Menu.test.tsx" name="Menu &gt; renders title when splash image fails to load" time="0.010178921">
        </testcase>
    </testsuite>
    <testsuite name="src/components/hud/FeedbackOverlay.test.tsx" timestamp="2026-08-30T10:06:18.438Z" hostname="devbox" tests="3" failures="0" errors="0" skipped="0" time="0.203207122">
        <testcase classname="src/components/hud/FeedbackOverlay.test.tsx" name="FeedbackOverlay &gt; does not render when feedback is null" time="0.022519105">
        </testcase>
        <testcase classname="src/components/hud/FeedbackOverlay.test.tsx" name="FeedbackOverlay &gt; renders correctly when feedback is an error" time="0.118889284">
        </testcase>
        <testcase classname="src/components/hud/FeedbackOverlay.test.tsx" name="FeedbackOverlay &gt; renders correctly for a combo with streak count" time="0.057786563">
        </testcase>
    </testsuite>
    <testsuite name="src/components/hud/HUDHeader.test.tsx" timestamp="2026-08-30T10:06:18.440Z" hostname="devbox" tests="6" failures="0" errors="0" skipped="0" time="0.39583521">
        <testcase classname="src/components/hud/HUDHeader.test.tsx" name="HUDHeader &gt; renders score and level" time="0.114023263">
        </testcase>
        <testcase classname="src/components/hud/HUDHeader.test.tsx" name="HUDHeader &gt; renders time" time="0.016866698">
        </testcase>
        <testcase classname="src/components/hud/HUDHeader.test.tsx" name="HUDHeader &gt; renders infinity symbol for INFINITE time" time="0.014924464">
        </testcase>
        <testcase classname="src/components/hud/HUDHeader.test.tsx" name="HUDHeader &gt; renders difficulty label" time="0.013620019">
        </testcase>
        <testcase classname="src/components/hud/HUDHeader.test.tsx" name="HUDHeader &gt; renders volume icon when not muted" time="0.203155691">
        </testcase>
        <testcase classname="src/components/hud/HUDHeader.test.tsx" name="HUDHeader &gt; renders muted icon when muted" time="0.028784417">
        </testcase>
    </testsuite>
    <testsuite name="src/components/hud/StreakBadge.test.tsx" timestamp="2026-08-30T10:06:18.442Z" hostname="devbox" tests="6" failures="0" errors="0" skipped="0" time="0.168422954">
        <testcase classname="src/components/hud/StreakBadge.test.tsx" name="StreakBadge &gt; does not render when streak is 0" time="0.022593772">
        </testcase>
        <testcase classname="src/components/hud/StreakBadge.test.tsx" name="StreakBadge &gt; does not render when streak is 1" time="0.003787928">
        </testcase>
        <testcase classname="src/components/hud/StreakBadge.test.tsx" name="StreakBadge &gt; renders with SEQUÊNCIA for streak 2-4" time="0.107222934">
        </testcase>
        <testcase classname="src/components/hud/StreakBadge.test.tsx" name="StreakBadge &gt; renders with COMBO for streak 5-9" time="0.012289156">
        </testcase>
        <testcase classname="src/components/hud/StreakBadge.test.tsx" name="StreakBadge &gt; renders with SUPER for streak 10-14" time="0.010533429">
        </testcase>
        <testcase classname="src/components/hud/StreakBadge.test.tsx" name="StreakBadge &gt; renders with BERSERK for streak 15+" time="0.007889396">
        </testcase>
    </testsuite>
    <testsuite name="src/components/hud/TurnIndicator.test.tsx" timestamp="2026-08-30T10:06:18.444Z" hostname="devbox" tests="5" failures="0" errors="0" skipped="0" time="0.127165571">
        <testcase classname="src/components/hud/TurnIndicator.test.tsx" name="TurnIndicator &gt; renders OBSERVE when playing sequence" time="0.096265164">
        </testcase>
        <testcase classname="src/components/hud/TurnIndicator.test.tsx" name="TurnIndicator &gt; renders SUA VEZ when waiting for input" time="0.017156035">
        </testcase>
        <testcase classname="src/components/hud/TurnIndicator.test.tsx" name="TurnIndicator &gt; does not render when game is IDLE" time="0.0032465">
        </testcase>
        <testcase classname="src/components/hud/TurnIndicator.test.tsx" name="TurnIndicator &gt; does not render when game is GAME_OVER" time="0.002810305">
        </testcase>
        <testcase classname="src/components/hud/TurnIndicator.test.tsx" name="TurnIndicator &gt; does not render during COUNTDOWN" time="0.003471781">
        </testcase>
    </testsuite>
    <testsuite name="src/components/hud/UrgentIndicator.test.tsx" timestamp="2026-08-30T10:06:18.446Z" hostname="devbox" tests="2" failures="0" errors="0" skipped="0" time="0.189462361">
        <testcase classname="src/components/hud/UrgentIndicator.test.tsx" name="UrgentIndicator &gt; does not render anything when visible is false" time="0.022247646">
        </testcase>
        <testcase classname="src/components/hud/UrgentIndicator.test.tsx" name="UrgentIndicator &gt; renders CORRA! when visible is true" time="0.163590489">
        </testcase>
    </testsuite>
    <testsuite name="src/hooks/__tests__/useAchievements.test.ts" timestamp="2026-08-30T10:06:18.447Z" hostname="devbox" tests="15" failures="0" errors="0" skipped="0" time="0.100640213">
        <testcase classname="src/hooks/__tests__/useAchievements.test.ts" name="useAchievements &gt; should initialize with all achievements locked" time="0.024411591">
        </testcase>
        <testcase classname="src/hooks/__tests__/useAchievements.test.ts" name="useAchievements &gt; should unlock achievement by id" time="0.029239931">
        </testcase>
        <testcase classname="src/hooks/__tests__/useAchievements.test.ts" name="useAchievements &gt; should set recentlyUnlocked when unlocking" time="0.004783945">
        </testcase>
        <testcase classname="src/hooks/__tests__/useAchievements.test.ts" name="useAchievements &gt; should clear recentlyUnlocked after 3 seconds" time="0.006587755">
        </testcase>
        <testcase classname="src/hooks/__tests__/useAchievements.test.ts" name="useAchievements &gt; should not unlock the same achievement twice" time="0.004315366">
        </testcase>
        <testcase classname="src/hooks/__tests__/useAchievements.test.ts" name="useAchievements &gt; should persist unlocked achievements to localStorage" time="0.003434799">
        </testcase>
        <testcase classname="src/hooks/__tests__/useAchievements.test.ts" name="useAchievements &gt; should load achievements from localStorage on init" time="0.002384247">
        </testcase>
        <testcase classname="src/hooks/__tests__/useAchievements.test.ts" name="useAchievements &gt; should check and unlock score-based achievements" time="0.003003104">
        </testcase>
        <testcase classname="src/hooks/__tests__/useAchievements.test.ts" name="useAchievements &gt; should check and unlock streak-based achievements" time="0.006058223">
        </testcase>
        <testcase classname="src/hooks/__tests__/useAchievements.test.ts" name="useAchievements &gt; should check and unlock level-based achievements" time="0.002176841">
        </testcase>
        <testcase classname="src/hooks/__tests__/useAchievements.test.ts" name="useAchievements &gt; should unlock hardcore_win when hardcore with no errors" time="0.001913977">
        </testcase>
        <testcase classname="src/hooks/__tests__/useAchievements.test.ts" name="useAchievements &gt; should not unlock hardcore_win when there are errors" time="0.001586717">
        </testcase>
        <testcase classname="src/hooks/__tests__/useAchievements.test.ts" name="useAchievements &gt; should unlock perfect_game when no errors and score &gt; 0" time="0.001524621">
        </testcase>
        <testcase classname="src/hooks/__tests__/useAchievements.test.ts" name="useAchievements &gt; should reset all achievements" time="0.002130221">
        </testcase>
        <testcase classname="src/hooks/__tests__/useAchievements.test.ts" name="useAchievements &gt; should handle localStorage corruption gracefully" time="0.002520272">
            <system-err>
Falha ao carregar achievements

            </system-err>
        </testcase>
    </testsuite>
    <testsuite name="src/hooks/__tests__/useScoreHistory.test.ts" timestamp="2026-08-30T10:06:18.453Z" hostname="devbox" tests="12" failures="0" errors="0" skipped="0" time="0.091728132">
        <testcase classname="src/hooks/__tests__/useScoreHistory.test.ts" name="useScoreHistory &gt; should initialize with empty history" time="0.024046938">
        </testcase>
        <testcase classname="src/hooks/__tests__/useScoreHistory.test.ts" name="useScoreHistory &gt; should add a score entry" time="0.029175731">
        </testcase>
        <testcase classname="src/hooks/__tests__/useScoreHistory.test.ts" name="useScoreHistory &gt; should not add entry with score 0 or less" time="0.003591796">
        </testcase>
        <testcase classname="src/hooks/__tests__/useScoreHistory.test.ts" name="useScoreHistory &gt; should not add entry with negative score" time="0.003296214">
        </testcase>
        <testcase classname="src/hooks/__tests__/useScoreHistory.test.ts" name="useScoreHistory &gt; should limit history to 10 entries" time="0.003958059">
        </testcase>
        <testcase classname="src/hooks/__tests__/useScoreHistory.test.ts" name="useScoreHistory &gt; should persist history to localStorage" time="0.002789319">
        </testcase>
        <testcase classname="src/hooks/__tests__/useScoreHistory.test.ts" name="useScoreHistory &gt; should load history from localStorage on init" time="0.002120311">
        </testcase>
        <testcase classname="src/hooks/__tests__/useScoreHistory.test.ts" name="useScoreHistory &gt; should clear history" time="0.002860984">
        </testcase>
        <testcase classname="src/hooks/__tests__/useScoreHistory.test.ts" name="useScoreHistory &gt; should return best score" time="0.003276956">
        </testcase>
        <testcase classname="src/hooks/__tests__/useScoreHistory.test.ts" name="useScoreHistory &gt; should return 0 for best score when history is empty" time="0.001720183">
        </testcase>
        <testcase classname="src/hooks/__tests__/useScoreHistory.test.ts" name="useScoreHistory &gt; should handle localStorage corruption gracefully" time="0.009548881">
            <system-err>
Falha ao carregar histórico: SyntaxError: Unexpected token &apos;b&apos;, &quot;bad-json&quot; is not valid JSON
    at JSON.parse (&lt;anonymous&gt;)
    at loadHistory [90m(/app/gintama-genius-web/[39msrc/hooks/useScoreHistory.ts:18:19[90m)[39m
    at mountStateImpl [90m(/app/gintama-genius-web/[39mnode_modules/[4m.pnpm[24m/react-dom@19.2.6_react@19.2.6/node_modules/[4mreact-dom[24m/cjs/react-dom-client.development.js:8268:24[90m)[39m
    at mountState [90m(/app/gintama-genius-web/[39mnode_modules/[4m.pnpm[24m/react-dom@19.2.6_react@19.2.6/node_modules/[4mreact-dom[24m/cjs/react-dom-client.development.js:8289:22[90m)[39m
    at Object.useState [90m(/app/gintama-genius-web/[39mnode_modules/[4m.pnpm[24m/react-dom@19.2.6_react@19.2.6/node_modules/[4mreact-dom[24m/cjs/react-dom-client.development.js:26243:18[90m)[39m
    at process.env.NODE_ENV.exports.useState [90m(/app/gintama-genius-web/[39mnode_modules/[4m.pnpm[24m/react@19.2.6/node_modules/[4mreact[24m/cjs/react.development.js:1263:34[90m)[39m
    at useScoreHistory [90m(/app/gintama-genius-web/[39msrc/hooks/useScoreHistory.ts:27:33[90m)[39m
    at [90m/app/gintama-genius-web/[39msrc/hooks/__tests__/useScoreHistory.test.ts:103:41
    at TestComponent [90m(/app/gintama-genius-web/[39mnode_modules/[4m.pnpm[24m/@testing-library+react@16.3.2_@testing-library+dom@10.4.1_@types+react-dom@19.2.3_@type_01f2c7bab43719bd0469ec1c0554baf5/node_modules/[4m@testing-library/react[24m/dist/pure.js:330:27[90m)[39m
    at Object.react_stack_bottom_frame [90m(/app/gintama-genius-web/[39mnode_modules/[4m.pnpm[24m/react-dom@19.2.6_react@19.2.6/node_modules/[4mreact-dom[24m/cjs/react-dom-client.development.js:25904:20[90m)[39m

            </system-err>
        </testcase>
        <testcase classname="src/hooks/__tests__/useScoreHistory.test.ts" name="useScoreHistory &gt; should be loaded by default" time="0.00137841">
        </testcase>
    </testsuite>
    <testsuite name="src/utils/__tests__/math.test.ts" timestamp="2026-08-30T10:06:18.457Z" hostname="devbox" tests="3" failures="0" errors="0" skipped="0" time="0.015342459">
        <testcase classname="src/utils/__tests__/math.test.ts" name="generateEntropy &gt; should return a number between 0 (inclusive) and 1 (exclusive)" time="0.011083263">
        </testcase>
        <testcase classname="src/utils/__tests__/math.test.ts" name="generateEntropy &gt; should produce varying values" time="0.000893386">
        </testcase>
        <testcase classname="src/utils/__tests__/math.test.ts" name="generateEntropy &gt; should not return NaN" time="0.000993294">
        </testcase>
    </testsuite>
    <testsuite name="src/hooks/game/__tests__/useAppKeyboard.test.ts" timestamp="2026-08-30T10:06:18.458Z" hostname="devbox" tests="11" failures="0" errors="0" skipped="0" time="0.065943519">
        <testcase classname="src/hooks/game/__tests__/useAppKeyboard.test.ts" name="useAppKeyboard &gt; should toggle mute on M key" time="0.022699758">
        </testcase>
        <testcase classname="src/hooks/game/__tests__/useAppKeyboard.test.ts" name="useAppKeyboard &gt; should toggle mute on m key (lowercase)" time="0.00334492">
        </testcase>
        <testcase classname="src/hooks/game/__tests__/useAppKeyboard.test.ts" name="useAppKeyboard &gt; should not toggle mute when focused on INPUT" time="0.00534449">
        </testcase>
        <testcase classname="src/hooks/game/__tests__/useAppKeyboard.test.ts" name="useAppKeyboard &gt; should toggle shortcuts on H key" time="0.002958384">
        </testcase>
        <testcase classname="src/hooks/game/__tests__/useAppKeyboard.test.ts" name="useAppKeyboard &gt; should close shortcuts with Escape" time="0.005373085">
        </testcase>
        <testcase classname="src/hooks/game/__tests__/useAppKeyboard.test.ts" name="useAppKeyboard &gt; should close history with Escape" time="0.004602209">
        </testcase>
        <testcase classname="src/hooks/game/__tests__/useAppKeyboard.test.ts" name="useAppKeyboard &gt; should toggle pause with Escape when game is PAUSED" time="0.005471845">
        </testcase>
        <testcase classname="src/hooks/game/__tests__/useAppKeyboard.test.ts" name="useAppKeyboard &gt; should toggle pause with Escape when game is active" time="0.002040802">
        </testcase>
        <testcase classname="src/hooks/game/__tests__/useAppKeyboard.test.ts" name="useAppKeyboard &gt; should not pause when game is IDLE" time="0.005981092">
        </testcase>
        <testcase classname="src/hooks/game/__tests__/useAppKeyboard.test.ts" name="useAppKeyboard &gt; should not pause when game is GAME_OVER" time="0.002029451">
        </testcase>
        <testcase classname="src/hooks/game/__tests__/useAppKeyboard.test.ts" name="useAppKeyboard &gt; should not pause during COUNTDOWN" time="0.001725368">
        </testcase>
    </testsuite>
    <testsuite name="src/hooks/game/__tests__/useAudio.test.ts" timestamp="2026-08-30T10:06:18.463Z" hostname="devbox" tests="3" failures="0" errors="0" skipped="0" time="0.037120994">
        <testcase classname="src/hooks/game/__tests__/useAudio.test.ts" name="useAudio &gt; should initialize with default muted state" time="0.022470338">
        </testcase>
        <testcase classname="src/hooks/game/__tests__/useAudio.test.ts" name="useAudio &gt; should toggle mute state" time="0.005291559">
        </testcase>
        <testcase classname="src/hooks/game/__tests__/useAudio.test.ts" name="useAudio &gt; should call play on audioController" time="0.005369561">
        </testcase>
    </testsuite>
    <testsuite name="src/hooks/game/__tests__/useDebugActions.test.ts" timestamp="2026-08-30T10:06:18.464Z" hostname="devbox" tests="10" failures="0" errors="0" skipped="0" time="0.064460632">
        <testcase classname="src/hooks/game/__tests__/useDebugActions.test.ts" name="useDebugActions &gt; should initialize with debug mode disabled" time="0.024084903">
        </testcase>
        <testcase classname="src/hooks/game/__tests__/useDebugActions.test.ts" name="useDebugActions &gt; should toggle debug mode" time="0.006103775">
        </testcase>
        <testcase classname="src/hooks/game/__tests__/useDebugActions.test.ts" name="useDebugActions &gt; should add score through deps" time="0.005126259">
        </testcase>
        <testcase classname="src/hooks/game/__tests__/useDebugActions.test.ts" name="useDebugActions &gt; should trigger bonus effects" time="0.004139644">
        </testcase>
        <testcase classname="src/hooks/game/__tests__/useDebugActions.test.ts" name="useDebugActions &gt; should reset kagura after 2000ms on triggerBonus" time="0.003797866">
        </testcase>
        <testcase classname="src/hooks/game/__tests__/useDebugActions.test.ts" name="useDebugActions &gt; should set game over state" time="0.002681061">
        </testcase>
        <testcase classname="src/hooks/game/__tests__/useDebugActions.test.ts" name="useDebugActions &gt; should set timer value" time="0.003915045">
        </testcase>
        <testcase classname="src/hooks/game/__tests__/useDebugActions.test.ts" name="useDebugActions &gt; winLevel should ignore when game is IDLE" time="0.003772978">
        </testcase>
        <testcase classname="src/hooks/game/__tests__/useDebugActions.test.ts" name="useDebugActions &gt; winLevel should ignore when game is GAME_OVER" time="0.003933169">
        </testcase>
        <testcase classname="src/hooks/game/__tests__/useDebugActions.test.ts" name="useDebugActions &gt; winLevel should level up when game is active" time="0.002436488">
        </testcase>
    </testsuite>
    <testsuite name="src/hooks/game/__tests__/useGameEngineHelpers.test.ts" timestamp="2026-08-30T10:06:18.468Z" hostname="devbox" tests="10" failures="0" errors="0" skipped="0" time="0.021268197">
        <testcase classname="src/hooks/game/__tests__/useGameEngineHelpers.test.ts" name="pickMessage &gt; should return a message from the array" time="0.003264416">
        </testcase>
        <testcase classname="src/hooks/game/__tests__/useGameEngineHelpers.test.ts" name="pickMessage &gt; should handle empty array gracefully" time="0.000398112">
        </testcase>
        <testcase classname="src/hooks/game/__tests__/useGameEngineHelpers.test.ts" name="pickMessage &gt; should pick different indices based on entropy" time="0.000416882">
        </testcase>
        <testcase classname="src/hooks/game/__tests__/useGameEngineHelpers.test.ts" name="executeKaguraBonus &gt; should do nothing for BERSERK difficulty" time="0.004010183">
        </testcase>
        <testcase classname="src/hooks/game/__tests__/useGameEngineHelpers.test.ts" name="executeKaguraBonus &gt; should do nothing for HARDCORE difficulty" time="0.001386154">
        </testcase>
        <testcase classname="src/hooks/game/__tests__/useGameEngineHelpers.test.ts" name="executeKaguraBonus &gt; should increment counter but not trigger before 15 clicks" time="0.000878607">
        </testcase>
        <testcase classname="src/hooks/game/__tests__/useGameEngineHelpers.test.ts" name="executeKaguraBonus &gt; should trigger bonus after 15 clicks for NORMAL difficulty" time="0.002584359">
        </testcase>
        <testcase classname="src/hooks/game/__tests__/useGameEngineHelpers.test.ts" name="executeKaguraBonus &gt; should not add time for INFINITE mode" time="0.001229359">
        </testcase>
        <testcase classname="src/hooks/game/__tests__/useGameEngineHelpers.test.ts" name="executeKaguraBonus &gt; should reset kaguraActive after 2000ms" time="0.001858655">
        </testcase>
        <testcase classname="src/hooks/game/__tests__/useGameEngineHelpers.test.ts" name="MESSAGES_HARDCORE &gt; should contain hardcore messages" time="0.00049887">
        </testcase>
    </testsuite>
    <testsuite name="src/hooks/game/__tests__/useGameScore.test.ts" timestamp="2026-08-30T10:06:18.472Z" hostname="devbox" tests="4" failures="0" errors="0" skipped="0" time="0.039273641">
        <testcase classname="src/hooks/game/__tests__/useGameScore.test.ts" name="useGameScore &gt; should initialize with 0 score and streak" time="0.021803339">
        </testcase>
        <testcase classname="src/hooks/game/__tests__/useGameScore.test.ts" name="useGameScore &gt; should increment score and streak" time="0.005346675">
        </testcase>
        <testcase classname="src/hooks/game/__tests__/useGameScore.test.ts" name="useGameScore &gt; should update highscore" time="0.004258494">
        </testcase>
        <testcase classname="src/hooks/game/__tests__/useGameScore.test.ts" name="useGameScore &gt; should reset score and streak" time="0.003420693">
        </testcase>
    </testsuite>
    <testsuite name="src/hooks/game/__tests__/useGameSequence.test.ts" timestamp="2026-08-30T10:06:18.474Z" hostname="devbox" tests="5" failures="0" errors="0" skipped="0" time="0.05571806">
        <testcase classname="src/hooks/game/__tests__/useGameSequence.test.ts" name="useGameSequence &gt; should initialize correctly" time="0.024536579">
        </testcase>
        <testcase classname="src/hooks/game/__tests__/useGameSequence.test.ts" name="useGameSequence &gt; should add to sequence" time="0.007362291">
        </testcase>
        <testcase classname="src/hooks/game/__tests__/useGameSequence.test.ts" name="useGameSequence &gt; should play sequence" time="0.011801068">
        </testcase>
        <testcase classname="src/hooks/game/__tests__/useGameSequence.test.ts" name="useGameSequence &gt; should validate input correctly" time="0.004474246">
        </testcase>
        <testcase classname="src/hooks/game/__tests__/useGameSequence.test.ts" name="useGameSequence &gt; should fail on wrong input" time="0.003452963">
        </testcase>
    </testsuite>
    <testsuite name="src/hooks/game/__tests__/useGameTimer.test.ts" timestamp="2026-08-30T10:06:18.476Z" hostname="devbox" tests="4" failures="0" errors="0" skipped="0" time="0.046966238">
        <testcase classname="src/hooks/game/__tests__/useGameTimer.test.ts" name="useGameTimer &gt; should initialize with correct time" time="0.026273675">
        </testcase>
        <testcase classname="src/hooks/game/__tests__/useGameTimer.test.ts" name="useGameTimer &gt; should countdown" time="0.006742078">
        </testcase>
        <testcase classname="src/hooks/game/__tests__/useGameTimer.test.ts" name="useGameTimer &gt; should call onTimeUp when time runs out" time="0.006060106">
        </testcase>
        <testcase classname="src/hooks/game/__tests__/useGameTimer.test.ts" name="useGameTimer &gt; should handle countdown value" time="0.003814181">
        </testcase>
    </testsuite>
</testsuites>
